CRITICAL - 2022-05-18 00:00:42 --> Trying to access array offset on value of type null
#0 /mnt/f/Web-development-and-aplication/phpbasedweb/UTS_P_Web_Yoh_Bagas_20200801179/app/Views/beasiswa/detail.php(15): CodeIgniter\Debug\Exceptions->errorHandler()
#1 /mnt/f/Web-development-and-aplication/phpbasedweb/UTS_P_Web_Yoh_Bagas_20200801179/vendor/codeigniter4/framework/system/View/View.php(210): include('/mnt/f/Web-deve...')
#2 /mnt/f/Web-development-and-aplication/phpbasedweb/UTS_P_Web_Yoh_Bagas_20200801179/vendor/codeigniter4/framework/system/View/View.php(213): CodeIgniter\View\View->CodeIgniter\View\{closure}()
#3 /mnt/f/Web-development-and-aplication/phpbasedweb/UTS_P_Web_Yoh_Bagas_20200801179/vendor/codeigniter4/framework/system/Common.php(1089): CodeIgniter\View\View->render()
#4 /mnt/f/Web-development-and-aplication/phpbasedweb/UTS_P_Web_Yoh_Bagas_20200801179/app/Controllers/Beasiswa.php(36): view()
#5 /mnt/f/Web-development-and-aplication/phpbasedweb/UTS_P_Web_Yoh_Bagas_20200801179/vendor/codeigniter4/framework/system/CodeIgniter.php(832): App\Controllers\Beasiswa->detail()
#6 /mnt/f/Web-development-and-aplication/phpbasedweb/UTS_P_Web_Yoh_Bagas_20200801179/vendor/codeigniter4/framework/system/CodeIgniter.php(419): CodeIgniter\CodeIgniter->runController()
#7 /mnt/f/Web-development-and-aplication/phpbasedweb/UTS_P_Web_Yoh_Bagas_20200801179/vendor/codeigniter4/framework/system/CodeIgniter.php(326): CodeIgniter\CodeIgniter->handleRequest()
#8 /mnt/f/Web-development-and-aplication/phpbasedweb/UTS_P_Web_Yoh_Bagas_20200801179/public/index.php(37): CodeIgniter\CodeIgniter->run()
#9 /mnt/f/Web-development-and-aplication/phpbasedweb/UTS_P_Web_Yoh_Bagas_20200801179/vendor/codeigniter4/framework/system/Commands/Server/rewrite.php(43): require_once('/mnt/f/Web-deve...')
#10 {main}
CRITICAL - 2022-05-18 00:01:49 --> Trying to access array offset on value of type null
#0 /mnt/f/Web-development-and-aplication/phpbasedweb/UTS_P_Web_Yoh_Bagas_20200801179/app/Views/beasiswa/detail.php(15): CodeIgniter\Debug\Exceptions->errorHandler()
#1 /mnt/f/Web-development-and-aplication/phpbasedweb/UTS_P_Web_Yoh_Bagas_20200801179/vendor/codeigniter4/framework/system/View/View.php(210): include('/mnt/f/Web-deve...')
#2 /mnt/f/Web-development-and-aplication/phpbasedweb/UTS_P_Web_Yoh_Bagas_20200801179/vendor/codeigniter4/framework/system/View/View.php(213): CodeIgniter\View\View->CodeIgniter\View\{closure}()
#3 /mnt/f/Web-development-and-aplication/phpbasedweb/UTS_P_Web_Yoh_Bagas_20200801179/vendor/codeigniter4/framework/system/Common.php(1089): CodeIgniter\View\View->render()
#4 /mnt/f/Web-development-and-aplication/phpbasedweb/UTS_P_Web_Yoh_Bagas_20200801179/app/Controllers/Beasiswa.php(36): view()
#5 /mnt/f/Web-development-and-aplication/phpbasedweb/UTS_P_Web_Yoh_Bagas_20200801179/vendor/codeigniter4/framework/system/CodeIgniter.php(832): App\Controllers\Beasiswa->detail()
#6 /mnt/f/Web-development-and-aplication/phpbasedweb/UTS_P_Web_Yoh_Bagas_20200801179/vendor/codeigniter4/framework/system/CodeIgniter.php(419): CodeIgniter\CodeIgniter->runController()
#7 /mnt/f/Web-development-and-aplication/phpbasedweb/UTS_P_Web_Yoh_Bagas_20200801179/vendor/codeigniter4/framework/system/CodeIgniter.php(326): CodeIgniter\CodeIgniter->handleRequest()
#8 /mnt/f/Web-development-and-aplication/phpbasedweb/UTS_P_Web_Yoh_Bagas_20200801179/public/index.php(37): CodeIgniter\CodeIgniter->run()
#9 /mnt/f/Web-development-and-aplication/phpbasedweb/UTS_P_Web_Yoh_Bagas_20200801179/vendor/codeigniter4/framework/system/Commands/Server/rewrite.php(43): require_once('/mnt/f/Web-deve...')
#10 {main}
CRITICAL - 2022-05-18 00:03:44 --> Trying to access array offset on value of type null
#0 /mnt/f/Web-development-and-aplication/phpbasedweb/UTS_P_Web_Yoh_Bagas_20200801179/app/Views/beasiswa/detail.php(15): CodeIgniter\Debug\Exceptions->errorHandler()
#1 /mnt/f/Web-development-and-aplication/phpbasedweb/UTS_P_Web_Yoh_Bagas_20200801179/vendor/codeigniter4/framework/system/View/View.php(210): include('/mnt/f/Web-deve...')
#2 /mnt/f/Web-development-and-aplication/phpbasedweb/UTS_P_Web_Yoh_Bagas_20200801179/vendor/codeigniter4/framework/system/View/View.php(213): CodeIgniter\View\View->CodeIgniter\View\{closure}()
#3 /mnt/f/Web-development-and-aplication/phpbasedweb/UTS_P_Web_Yoh_Bagas_20200801179/vendor/codeigniter4/framework/system/Common.php(1089): CodeIgniter\View\View->render()
#4 /mnt/f/Web-development-and-aplication/phpbasedweb/UTS_P_Web_Yoh_Bagas_20200801179/app/Controllers/Beasiswa.php(36): view()
#5 /mnt/f/Web-development-and-aplication/phpbasedweb/UTS_P_Web_Yoh_Bagas_20200801179/vendor/codeigniter4/framework/system/CodeIgniter.php(832): App\Controllers\Beasiswa->detail()
#6 /mnt/f/Web-development-and-aplication/phpbasedweb/UTS_P_Web_Yoh_Bagas_20200801179/vendor/codeigniter4/framework/system/CodeIgniter.php(419): CodeIgniter\CodeIgniter->runController()
#7 /mnt/f/Web-development-and-aplication/phpbasedweb/UTS_P_Web_Yoh_Bagas_20200801179/vendor/codeigniter4/framework/system/CodeIgniter.php(326): CodeIgniter\CodeIgniter->handleRequest()
#8 /mnt/f/Web-development-and-aplication/phpbasedweb/UTS_P_Web_Yoh_Bagas_20200801179/public/index.php(37): CodeIgniter\CodeIgniter->run()
#9 /mnt/f/Web-development-and-aplication/phpbasedweb/UTS_P_Web_Yoh_Bagas_20200801179/vendor/codeigniter4/framework/system/Commands/Server/rewrite.php(43): require_once('/mnt/f/Web-deve...')
#10 {main}
CRITICAL - 2022-05-18 00:05:12 --> Trying to access array offset on value of type null
#0 /mnt/f/Web-development-and-aplication/phpbasedweb/UTS_P_Web_Yoh_Bagas_20200801179/app/Views/beasiswa/detail.php(15): CodeIgniter\Debug\Exceptions->errorHandler()
#1 /mnt/f/Web-development-and-aplication/phpbasedweb/UTS_P_Web_Yoh_Bagas_20200801179/vendor/codeigniter4/framework/system/View/View.php(210): include('/mnt/f/Web-deve...')
#2 /mnt/f/Web-development-and-aplication/phpbasedweb/UTS_P_Web_Yoh_Bagas_20200801179/vendor/codeigniter4/framework/system/View/View.php(213): CodeIgniter\View\View->CodeIgniter\View\{closure}()
#3 /mnt/f/Web-development-and-aplication/phpbasedweb/UTS_P_Web_Yoh_Bagas_20200801179/vendor/codeigniter4/framework/system/Common.php(1089): CodeIgniter\View\View->render()
#4 /mnt/f/Web-development-and-aplication/phpbasedweb/UTS_P_Web_Yoh_Bagas_20200801179/app/Controllers/Beasiswa.php(36): view()
#5 /mnt/f/Web-development-and-aplication/phpbasedweb/UTS_P_Web_Yoh_Bagas_20200801179/vendor/codeigniter4/framework/system/CodeIgniter.php(832): App\Controllers\Beasiswa->detail()
#6 /mnt/f/Web-development-and-aplication/phpbasedweb/UTS_P_Web_Yoh_Bagas_20200801179/vendor/codeigniter4/framework/system/CodeIgniter.php(419): CodeIgniter\CodeIgniter->runController()
#7 /mnt/f/Web-development-and-aplication/phpbasedweb/UTS_P_Web_Yoh_Bagas_20200801179/vendor/codeigniter4/framework/system/CodeIgniter.php(326): CodeIgniter\CodeIgniter->handleRequest()
#8 /mnt/f/Web-development-and-aplication/phpbasedweb/UTS_P_Web_Yoh_Bagas_20200801179/public/index.php(37): CodeIgniter\CodeIgniter->run()
#9 /mnt/f/Web-development-and-aplication/phpbasedweb/UTS_P_Web_Yoh_Bagas_20200801179/vendor/codeigniter4/framework/system/Commands/Server/rewrite.php(43): require_once('/mnt/f/Web-deve...')
#10 {main}
CRITICAL - 2022-05-18 00:06:14 --> Trying to access array offset on value of type null
#0 /mnt/f/Web-development-and-aplication/phpbasedweb/UTS_P_Web_Yoh_Bagas_20200801179/app/Views/beasiswa/detail.php(15): CodeIgniter\Debug\Exceptions->errorHandler()
#1 /mnt/f/Web-development-and-aplication/phpbasedweb/UTS_P_Web_Yoh_Bagas_20200801179/vendor/codeigniter4/framework/system/View/View.php(210): include('/mnt/f/Web-deve...')
#2 /mnt/f/Web-development-and-aplication/phpbasedweb/UTS_P_Web_Yoh_Bagas_20200801179/vendor/codeigniter4/framework/system/View/View.php(213): CodeIgniter\View\View->CodeIgniter\View\{closure}()
#3 /mnt/f/Web-development-and-aplication/phpbasedweb/UTS_P_Web_Yoh_Bagas_20200801179/vendor/codeigniter4/framework/system/Common.php(1089): CodeIgniter\View\View->render()
#4 /mnt/f/Web-development-and-aplication/phpbasedweb/UTS_P_Web_Yoh_Bagas_20200801179/app/Controllers/Beasiswa.php(36): view()
#5 /mnt/f/Web-development-and-aplication/phpbasedweb/UTS_P_Web_Yoh_Bagas_20200801179/vendor/codeigniter4/framework/system/CodeIgniter.php(832): App\Controllers\Beasiswa->detail()
#6 /mnt/f/Web-development-and-aplication/phpbasedweb/UTS_P_Web_Yoh_Bagas_20200801179/vendor/codeigniter4/framework/system/CodeIgniter.php(419): CodeIgniter\CodeIgniter->runController()
#7 /mnt/f/Web-development-and-aplication/phpbasedweb/UTS_P_Web_Yoh_Bagas_20200801179/vendor/codeigniter4/framework/system/CodeIgniter.php(326): CodeIgniter\CodeIgniter->handleRequest()
#8 /mnt/f/Web-development-and-aplication/phpbasedweb/UTS_P_Web_Yoh_Bagas_20200801179/public/index.php(37): CodeIgniter\CodeIgniter->run()
#9 /mnt/f/Web-development-and-aplication/phpbasedweb/UTS_P_Web_Yoh_Bagas_20200801179/vendor/codeigniter4/framework/system/Commands/Server/rewrite.php(43): require_once('/mnt/f/Web-deve...')
#10 {main}
CRITICAL - 2022-05-18 00:06:54 --> Trying to access array offset on value of type null
#0 /mnt/f/Web-development-and-aplication/phpbasedweb/UTS_P_Web_Yoh_Bagas_20200801179/app/Views/beasiswa/detail.php(15): CodeIgniter\Debug\Exceptions->errorHandler()
#1 /mnt/f/Web-development-and-aplication/phpbasedweb/UTS_P_Web_Yoh_Bagas_20200801179/vendor/codeigniter4/framework/system/View/View.php(210): include('/mnt/f/Web-deve...')
#2 /mnt/f/Web-development-and-aplication/phpbasedweb/UTS_P_Web_Yoh_Bagas_20200801179/vendor/codeigniter4/framework/system/View/View.php(213): CodeIgniter\View\View->CodeIgniter\View\{closure}()
#3 /mnt/f/Web-development-and-aplication/phpbasedweb/UTS_P_Web_Yoh_Bagas_20200801179/vendor/codeigniter4/framework/system/Common.php(1089): CodeIgniter\View\View->render()
#4 /mnt/f/Web-development-and-aplication/phpbasedweb/UTS_P_Web_Yoh_Bagas_20200801179/app/Controllers/Beasiswa.php(36): view()
#5 /mnt/f/Web-development-and-aplication/phpbasedweb/UTS_P_Web_Yoh_Bagas_20200801179/vendor/codeigniter4/framework/system/CodeIgniter.php(832): App\Controllers\Beasiswa->detail()
#6 /mnt/f/Web-development-and-aplication/phpbasedweb/UTS_P_Web_Yoh_Bagas_20200801179/vendor/codeigniter4/framework/system/CodeIgniter.php(419): CodeIgniter\CodeIgniter->runController()
#7 /mnt/f/Web-development-and-aplication/phpbasedweb/UTS_P_Web_Yoh_Bagas_20200801179/vendor/codeigniter4/framework/system/CodeIgniter.php(326): CodeIgniter\CodeIgniter->handleRequest()
#8 /mnt/f/Web-development-and-aplication/phpbasedweb/UTS_P_Web_Yoh_Bagas_20200801179/public/index.php(37): CodeIgniter\CodeIgniter->run()
#9 /mnt/f/Web-development-and-aplication/phpbasedweb/UTS_P_Web_Yoh_Bagas_20200801179/vendor/codeigniter4/framework/system/Commands/Server/rewrite.php(43): require_once('/mnt/f/Web-deve...')
#10 {main}
CRITICAL - 2022-05-18 00:09:50 --> Trying to access array offset on value of type null
#0 /mnt/f/Web-development-and-aplication/phpbasedweb/UTS_P_Web_Yoh_Bagas_20200801179/app/Views/beasiswa/detail.php(15): CodeIgniter\Debug\Exceptions->errorHandler()
#1 /mnt/f/Web-development-and-aplication/phpbasedweb/UTS_P_Web_Yoh_Bagas_20200801179/vendor/codeigniter4/framework/system/View/View.php(210): include('/mnt/f/Web-deve...')
#2 /mnt/f/Web-development-and-aplication/phpbasedweb/UTS_P_Web_Yoh_Bagas_20200801179/vendor/codeigniter4/framework/system/View/View.php(213): CodeIgniter\View\View->CodeIgniter\View\{closure}()
#3 /mnt/f/Web-development-and-aplication/phpbasedweb/UTS_P_Web_Yoh_Bagas_20200801179/vendor/codeigniter4/framework/system/Common.php(1089): CodeIgniter\View\View->render()
#4 /mnt/f/Web-development-and-aplication/phpbasedweb/UTS_P_Web_Yoh_Bagas_20200801179/app/Controllers/Beasiswa.php(36): view()
#5 /mnt/f/Web-development-and-aplication/phpbasedweb/UTS_P_Web_Yoh_Bagas_20200801179/vendor/codeigniter4/framework/system/CodeIgniter.php(832): App\Controllers\Beasiswa->detail()
#6 /mnt/f/Web-development-and-aplication/phpbasedweb/UTS_P_Web_Yoh_Bagas_20200801179/vendor/codeigniter4/framework/system/CodeIgniter.php(419): CodeIgniter\CodeIgniter->runController()
#7 /mnt/f/Web-development-and-aplication/phpbasedweb/UTS_P_Web_Yoh_Bagas_20200801179/vendor/codeigniter4/framework/system/CodeIgniter.php(326): CodeIgniter\CodeIgniter->handleRequest()
#8 /mnt/f/Web-development-and-aplication/phpbasedweb/UTS_P_Web_Yoh_Bagas_20200801179/public/index.php(37): CodeIgniter\CodeIgniter->run()
#9 /mnt/f/Web-development-and-aplication/phpbasedweb/UTS_P_Web_Yoh_Bagas_20200801179/vendor/codeigniter4/framework/system/Commands/Server/rewrite.php(43): require_once('/mnt/f/Web-deve...')
#10 {main}
CRITICAL - 2022-05-18 00:11:04 --> Trying to access array offset on value of type null
#0 /mnt/f/Web-development-and-aplication/phpbasedweb/UTS_P_Web_Yoh_Bagas_20200801179/app/Views/beasiswa/detail.php(15): CodeIgniter\Debug\Exceptions->errorHandler()
#1 /mnt/f/Web-development-and-aplication/phpbasedweb/UTS_P_Web_Yoh_Bagas_20200801179/vendor/codeigniter4/framework/system/View/View.php(210): include('/mnt/f/Web-deve...')
#2 /mnt/f/Web-development-and-aplication/phpbasedweb/UTS_P_Web_Yoh_Bagas_20200801179/vendor/codeigniter4/framework/system/View/View.php(213): CodeIgniter\View\View->CodeIgniter\View\{closure}()
#3 /mnt/f/Web-development-and-aplication/phpbasedweb/UTS_P_Web_Yoh_Bagas_20200801179/vendor/codeigniter4/framework/system/Common.php(1089): CodeIgniter\View\View->render()
#4 /mnt/f/Web-development-and-aplication/phpbasedweb/UTS_P_Web_Yoh_Bagas_20200801179/app/Controllers/Beasiswa.php(36): view()
#5 /mnt/f/Web-development-and-aplication/phpbasedweb/UTS_P_Web_Yoh_Bagas_20200801179/vendor/codeigniter4/framework/system/CodeIgniter.php(832): App\Controllers\Beasiswa->detail()
#6 /mnt/f/Web-development-and-aplication/phpbasedweb/UTS_P_Web_Yoh_Bagas_20200801179/vendor/codeigniter4/framework/system/CodeIgniter.php(419): CodeIgniter\CodeIgniter->runController()
#7 /mnt/f/Web-development-and-aplication/phpbasedweb/UTS_P_Web_Yoh_Bagas_20200801179/vendor/codeigniter4/framework/system/CodeIgniter.php(326): CodeIgniter\CodeIgniter->handleRequest()
#8 /mnt/f/Web-development-and-aplication/phpbasedweb/UTS_P_Web_Yoh_Bagas_20200801179/public/index.php(37): CodeIgniter\CodeIgniter->run()
#9 /mnt/f/Web-development-and-aplication/phpbasedweb/UTS_P_Web_Yoh_Bagas_20200801179/vendor/codeigniter4/framework/system/Commands/Server/rewrite.php(43): require_once('/mnt/f/Web-deve...')
#10 {main}
CRITICAL - 2022-05-18 00:12:47 --> Trying to access array offset on value of type null
#0 /mnt/f/Web-development-and-aplication/phpbasedweb/UTS_P_Web_Yoh_Bagas_20200801179/app/Views/beasiswa/detail.php(15): CodeIgniter\Debug\Exceptions->errorHandler()
#1 /mnt/f/Web-development-and-aplication/phpbasedweb/UTS_P_Web_Yoh_Bagas_20200801179/vendor/codeigniter4/framework/system/View/View.php(210): include('/mnt/f/Web-deve...')
#2 /mnt/f/Web-development-and-aplication/phpbasedweb/UTS_P_Web_Yoh_Bagas_20200801179/vendor/codeigniter4/framework/system/View/View.php(213): CodeIgniter\View\View->CodeIgniter\View\{closure}()
#3 /mnt/f/Web-development-and-aplication/phpbasedweb/UTS_P_Web_Yoh_Bagas_20200801179/vendor/codeigniter4/framework/system/Common.php(1089): CodeIgniter\View\View->render()
#4 /mnt/f/Web-development-and-aplication/phpbasedweb/UTS_P_Web_Yoh_Bagas_20200801179/app/Controllers/Beasiswa.php(36): view()
#5 /mnt/f/Web-development-and-aplication/phpbasedweb/UTS_P_Web_Yoh_Bagas_20200801179/vendor/codeigniter4/framework/system/CodeIgniter.php(832): App\Controllers\Beasiswa->detail()
#6 /mnt/f/Web-development-and-aplication/phpbasedweb/UTS_P_Web_Yoh_Bagas_20200801179/vendor/codeigniter4/framework/system/CodeIgniter.php(419): CodeIgniter\CodeIgniter->runController()
#7 /mnt/f/Web-development-and-aplication/phpbasedweb/UTS_P_Web_Yoh_Bagas_20200801179/vendor/codeigniter4/framework/system/CodeIgniter.php(326): CodeIgniter\CodeIgniter->handleRequest()
#8 /mnt/f/Web-development-and-aplication/phpbasedweb/UTS_P_Web_Yoh_Bagas_20200801179/public/index.php(37): CodeIgniter\CodeIgniter->run()
#9 /mnt/f/Web-development-and-aplication/phpbasedweb/UTS_P_Web_Yoh_Bagas_20200801179/vendor/codeigniter4/framework/system/Commands/Server/rewrite.php(43): require_once('/mnt/f/Web-deve...')
#10 {main}
CRITICAL - 2022-05-18 00:12:57 --> Trying to access array offset on value of type null
#0 /mnt/f/Web-development-and-aplication/phpbasedweb/UTS_P_Web_Yoh_Bagas_20200801179/app/Views/beasiswa/detail.php(15): CodeIgniter\Debug\Exceptions->errorHandler()
#1 /mnt/f/Web-development-and-aplication/phpbasedweb/UTS_P_Web_Yoh_Bagas_20200801179/vendor/codeigniter4/framework/system/View/View.php(210): include('/mnt/f/Web-deve...')
#2 /mnt/f/Web-development-and-aplication/phpbasedweb/UTS_P_Web_Yoh_Bagas_20200801179/vendor/codeigniter4/framework/system/View/View.php(213): CodeIgniter\View\View->CodeIgniter\View\{closure}()
#3 /mnt/f/Web-development-and-aplication/phpbasedweb/UTS_P_Web_Yoh_Bagas_20200801179/vendor/codeigniter4/framework/system/Common.php(1089): CodeIgniter\View\View->render()
#4 /mnt/f/Web-development-and-aplication/phpbasedweb/UTS_P_Web_Yoh_Bagas_20200801179/app/Controllers/Beasiswa.php(36): view()
#5 /mnt/f/Web-development-and-aplication/phpbasedweb/UTS_P_Web_Yoh_Bagas_20200801179/vendor/codeigniter4/framework/system/CodeIgniter.php(832): App\Controllers\Beasiswa->detail()
#6 /mnt/f/Web-development-and-aplication/phpbasedweb/UTS_P_Web_Yoh_Bagas_20200801179/vendor/codeigniter4/framework/system/CodeIgniter.php(419): CodeIgniter\CodeIgniter->runController()
#7 /mnt/f/Web-development-and-aplication/phpbasedweb/UTS_P_Web_Yoh_Bagas_20200801179/vendor/codeigniter4/framework/system/CodeIgniter.php(326): CodeIgniter\CodeIgniter->handleRequest()
#8 /mnt/f/Web-development-and-aplication/phpbasedweb/UTS_P_Web_Yoh_Bagas_20200801179/public/index.php(37): CodeIgniter\CodeIgniter->run()
#9 /mnt/f/Web-development-and-aplication/phpbasedweb/UTS_P_Web_Yoh_Bagas_20200801179/vendor/codeigniter4/framework/system/Commands/Server/rewrite.php(43): require_once('/mnt/f/Web-deve...')
#10 {main}
CRITICAL - 2022-05-18 00:20:09 --> Trying to access array offset on value of type null
#0 /mnt/f/Web-development-and-aplication/phpbasedweb/UTS_P_Web_Yoh_Bagas_20200801179/app/Views/beasiswa/detail.php(15): CodeIgniter\Debug\Exceptions->errorHandler()
#1 /mnt/f/Web-development-and-aplication/phpbasedweb/UTS_P_Web_Yoh_Bagas_20200801179/vendor/codeigniter4/framework/system/View/View.php(210): include('/mnt/f/Web-deve...')
#2 /mnt/f/Web-development-and-aplication/phpbasedweb/UTS_P_Web_Yoh_Bagas_20200801179/vendor/codeigniter4/framework/system/View/View.php(213): CodeIgniter\View\View->CodeIgniter\View\{closure}()
#3 /mnt/f/Web-development-and-aplication/phpbasedweb/UTS_P_Web_Yoh_Bagas_20200801179/vendor/codeigniter4/framework/system/Common.php(1089): CodeIgniter\View\View->render()
#4 /mnt/f/Web-development-and-aplication/phpbasedweb/UTS_P_Web_Yoh_Bagas_20200801179/app/Controllers/Beasiswa.php(36): view()
#5 /mnt/f/Web-development-and-aplication/phpbasedweb/UTS_P_Web_Yoh_Bagas_20200801179/vendor/codeigniter4/framework/system/CodeIgniter.php(832): App\Controllers\Beasiswa->detail()
#6 /mnt/f/Web-development-and-aplication/phpbasedweb/UTS_P_Web_Yoh_Bagas_20200801179/vendor/codeigniter4/framework/system/CodeIgniter.php(419): CodeIgniter\CodeIgniter->runController()
#7 /mnt/f/Web-development-and-aplication/phpbasedweb/UTS_P_Web_Yoh_Bagas_20200801179/vendor/codeigniter4/framework/system/CodeIgniter.php(326): CodeIgniter\CodeIgniter->handleRequest()
#8 /mnt/f/Web-development-and-aplication/phpbasedweb/UTS_P_Web_Yoh_Bagas_20200801179/public/index.php(37): CodeIgniter\CodeIgniter->run()
#9 /mnt/f/Web-development-and-aplication/phpbasedweb/UTS_P_Web_Yoh_Bagas_20200801179/vendor/codeigniter4/framework/system/Commands/Server/rewrite.php(43): require_once('/mnt/f/Web-deve...')
#10 {main}
ERROR - 2022-05-18 02:01:46 --> Unknown column 'created_at' in 'field list'
CRITICAL - 2022-05-18 02:01:46 --> Unknown column 'created_at' in 'field list'
#0 /mnt/f/Web-development-and-aplication/phpbasedweb/UTS_P_Web_Yoh_Bagas_20200801179/vendor/codeigniter4/framework/system/Database/MySQLi/Connection.php(292): mysqli->query()
#1 /mnt/f/Web-development-and-aplication/phpbasedweb/UTS_P_Web_Yoh_Bagas_20200801179/vendor/codeigniter4/framework/system/Database/BaseConnection.php(670): CodeIgniter\Database\MySQLi\Connection->execute()
#2 /mnt/f/Web-development-and-aplication/phpbasedweb/UTS_P_Web_Yoh_Bagas_20200801179/vendor/codeigniter4/framework/system/Database/BaseConnection.php(598): CodeIgniter\Database\BaseConnection->simpleQuery()
#3 /mnt/f/Web-development-and-aplication/phpbasedweb/UTS_P_Web_Yoh_Bagas_20200801179/vendor/codeigniter4/framework/system/Database/BaseBuilder.php(1771): CodeIgniter\Database\BaseConnection->query()
#4 /mnt/f/Web-development-and-aplication/phpbasedweb/UTS_P_Web_Yoh_Bagas_20200801179/vendor/codeigniter4/framework/system/Model.php(239): CodeIgniter\Database\BaseBuilder->insert()
#5 /mnt/f/Web-development-and-aplication/phpbasedweb/UTS_P_Web_Yoh_Bagas_20200801179/vendor/codeigniter4/framework/system/BaseModel.php(738): CodeIgniter\Model->doInsert()
#6 /mnt/f/Web-development-and-aplication/phpbasedweb/UTS_P_Web_Yoh_Bagas_20200801179/vendor/codeigniter4/framework/system/Model.php(625): CodeIgniter\BaseModel->insert()
#7 /mnt/f/Web-development-and-aplication/phpbasedweb/UTS_P_Web_Yoh_Bagas_20200801179/vendor/codeigniter4/framework/system/BaseModel.php(658): CodeIgniter\Model->insert()
#8 /mnt/f/Web-development-and-aplication/phpbasedweb/UTS_P_Web_Yoh_Bagas_20200801179/app/Controllers/Beasiswa.php(53): CodeIgniter\BaseModel->save()
#9 /mnt/f/Web-development-and-aplication/phpbasedweb/UTS_P_Web_Yoh_Bagas_20200801179/vendor/codeigniter4/framework/system/CodeIgniter.php(832): App\Controllers\Beasiswa->save()
#10 /mnt/f/Web-development-and-aplication/phpbasedweb/UTS_P_Web_Yoh_Bagas_20200801179/vendor/codeigniter4/framework/system/CodeIgniter.php(419): CodeIgniter\CodeIgniter->runController()
#11 /mnt/f/Web-development-and-aplication/phpbasedweb/UTS_P_Web_Yoh_Bagas_20200801179/vendor/codeigniter4/framework/system/CodeIgniter.php(326): CodeIgniter\CodeIgniter->handleRequest()
#12 /mnt/f/Web-development-and-aplication/phpbasedweb/UTS_P_Web_Yoh_Bagas_20200801179/public/index.php(37): CodeIgniter\CodeIgniter->run()
#13 /mnt/f/Web-development-and-aplication/phpbasedweb/UTS_P_Web_Yoh_Bagas_20200801179/vendor/codeigniter4/framework/system/Commands/Server/rewrite.php(43): require_once('/mnt/f/Web-deve...')
#14 {main}
CRITICAL - 2022-05-18 03:11:34 --> Call to undefined method CodeIgniter\Validation\Validation::listerror()
#0 /mnt/f/Web-development-and-aplication/phpbasedweb/UTS_P_Web_Yoh_Bagas_20200801179/vendor/codeigniter4/framework/system/View/View.php(210): include()
#1 /mnt/f/Web-development-and-aplication/phpbasedweb/UTS_P_Web_Yoh_Bagas_20200801179/vendor/codeigniter4/framework/system/View/View.php(213): CodeIgniter\View\View->CodeIgniter\View\{closure}()
#2 /mnt/f/Web-development-and-aplication/phpbasedweb/UTS_P_Web_Yoh_Bagas_20200801179/vendor/codeigniter4/framework/system/Common.php(1089): CodeIgniter\View\View->render()
#3 /mnt/f/Web-development-and-aplication/phpbasedweb/UTS_P_Web_Yoh_Bagas_20200801179/app/Controllers/Beasiswa.php(49): view()
#4 /mnt/f/Web-development-and-aplication/phpbasedweb/UTS_P_Web_Yoh_Bagas_20200801179/vendor/codeigniter4/framework/system/CodeIgniter.php(832): App\Controllers\Beasiswa->create()
#5 /mnt/f/Web-development-and-aplication/phpbasedweb/UTS_P_Web_Yoh_Bagas_20200801179/vendor/codeigniter4/framework/system/CodeIgniter.php(419): CodeIgniter\CodeIgniter->runController()
#6 /mnt/f/Web-development-and-aplication/phpbasedweb/UTS_P_Web_Yoh_Bagas_20200801179/vendor/codeigniter4/framework/system/CodeIgniter.php(326): CodeIgniter\CodeIgniter->handleRequest()
#7 /mnt/f/Web-development-and-aplication/phpbasedweb/UTS_P_Web_Yoh_Bagas_20200801179/public/index.php(37): CodeIgniter\CodeIgniter->run()
#8 /mnt/f/Web-development-and-aplication/phpbasedweb/UTS_P_Web_Yoh_Bagas_20200801179/vendor/codeigniter4/framework/system/Commands/Server/rewrite.php(43): require_once('/mnt/f/Web-deve...')
#9 {main}
CRITICAL - 2022-05-18 03:12:43 --> Call to undefined method CodeIgniter\Validation\Validation::listerror()
#0 /mnt/f/Web-development-and-aplication/phpbasedweb/UTS_P_Web_Yoh_Bagas_20200801179/vendor/codeigniter4/framework/system/View/View.php(210): include()
#1 /mnt/f/Web-development-and-aplication/phpbasedweb/UTS_P_Web_Yoh_Bagas_20200801179/vendor/codeigniter4/framework/system/View/View.php(213): CodeIgniter\View\View->CodeIgniter\View\{closure}()
#2 /mnt/f/Web-development-and-aplication/phpbasedweb/UTS_P_Web_Yoh_Bagas_20200801179/vendor/codeigniter4/framework/system/Common.php(1089): CodeIgniter\View\View->render()
#3 /mnt/f/Web-development-and-aplication/phpbasedweb/UTS_P_Web_Yoh_Bagas_20200801179/app/Controllers/Beasiswa.php(49): view()
#4 /mnt/f/Web-development-and-aplication/phpbasedweb/UTS_P_Web_Yoh_Bagas_20200801179/vendor/codeigniter4/framework/system/CodeIgniter.php(832): App\Controllers\Beasiswa->create()
#5 /mnt/f/Web-development-and-aplication/phpbasedweb/UTS_P_Web_Yoh_Bagas_20200801179/vendor/codeigniter4/framework/system/CodeIgniter.php(419): CodeIgniter\CodeIgniter->runController()
#6 /mnt/f/Web-development-and-aplication/phpbasedweb/UTS_P_Web_Yoh_Bagas_20200801179/vendor/codeigniter4/framework/system/CodeIgniter.php(326): CodeIgniter\CodeIgniter->handleRequest()
#7 /mnt/f/Web-development-and-aplication/phpbasedweb/UTS_P_Web_Yoh_Bagas_20200801179/public/index.php(37): CodeIgniter\CodeIgniter->run()
#8 /mnt/f/Web-development-and-aplication/phpbasedweb/UTS_P_Web_Yoh_Bagas_20200801179/vendor/codeigniter4/framework/system/Commands/Server/rewrite.php(43): require_once('/mnt/f/Web-deve...')
#9 {main}
CRITICAL - 2022-05-18 03:13:38 --> Call to undefined method CodeIgniter\Validation\Validation::listError()
#0 /mnt/f/Web-development-and-aplication/phpbasedweb/UTS_P_Web_Yoh_Bagas_20200801179/vendor/codeigniter4/framework/system/View/View.php(210): include()
#1 /mnt/f/Web-development-and-aplication/phpbasedweb/UTS_P_Web_Yoh_Bagas_20200801179/vendor/codeigniter4/framework/system/View/View.php(213): CodeIgniter\View\View->CodeIgniter\View\{closure}()
#2 /mnt/f/Web-development-and-aplication/phpbasedweb/UTS_P_Web_Yoh_Bagas_20200801179/vendor/codeigniter4/framework/system/Common.php(1089): CodeIgniter\View\View->render()
#3 /mnt/f/Web-development-and-aplication/phpbasedweb/UTS_P_Web_Yoh_Bagas_20200801179/app/Controllers/Beasiswa.php(49): view()
#4 /mnt/f/Web-development-and-aplication/phpbasedweb/UTS_P_Web_Yoh_Bagas_20200801179/vendor/codeigniter4/framework/system/CodeIgniter.php(832): App\Controllers\Beasiswa->create()
#5 /mnt/f/Web-development-and-aplication/phpbasedweb/UTS_P_Web_Yoh_Bagas_20200801179/vendor/codeigniter4/framework/system/CodeIgniter.php(419): CodeIgniter\CodeIgniter->runController()
#6 /mnt/f/Web-development-and-aplication/phpbasedweb/UTS_P_Web_Yoh_Bagas_20200801179/vendor/codeigniter4/framework/system/CodeIgniter.php(326): CodeIgniter\CodeIgniter->handleRequest()
#7 /mnt/f/Web-development-and-aplication/phpbasedweb/UTS_P_Web_Yoh_Bagas_20200801179/public/index.php(37): CodeIgniter\CodeIgniter->run()
#8 /mnt/f/Web-development-and-aplication/phpbasedweb/UTS_P_Web_Yoh_Bagas_20200801179/vendor/codeigniter4/framework/system/Commands/Server/rewrite.php(43): require_once('/mnt/f/Web-deve...')
#9 {main}
CRITICAL - 2022-05-18 03:14:00 --> Call to undefined method CodeIgniter\Validation\Validation::listError()
#0 /mnt/f/Web-development-and-aplication/phpbasedweb/UTS_P_Web_Yoh_Bagas_20200801179/vendor/codeigniter4/framework/system/View/View.php(210): include()
#1 /mnt/f/Web-development-and-aplication/phpbasedweb/UTS_P_Web_Yoh_Bagas_20200801179/vendor/codeigniter4/framework/system/View/View.php(213): CodeIgniter\View\View->CodeIgniter\View\{closure}()
#2 /mnt/f/Web-development-and-aplication/phpbasedweb/UTS_P_Web_Yoh_Bagas_20200801179/vendor/codeigniter4/framework/system/Common.php(1089): CodeIgniter\View\View->render()
#3 /mnt/f/Web-development-and-aplication/phpbasedweb/UTS_P_Web_Yoh_Bagas_20200801179/app/Controllers/Beasiswa.php(49): view()
#4 /mnt/f/Web-development-and-aplication/phpbasedweb/UTS_P_Web_Yoh_Bagas_20200801179/vendor/codeigniter4/framework/system/CodeIgniter.php(832): App\Controllers\Beasiswa->create()
#5 /mnt/f/Web-development-and-aplication/phpbasedweb/UTS_P_Web_Yoh_Bagas_20200801179/vendor/codeigniter4/framework/system/CodeIgniter.php(419): CodeIgniter\CodeIgniter->runController()
#6 /mnt/f/Web-development-and-aplication/phpbasedweb/UTS_P_Web_Yoh_Bagas_20200801179/vendor/codeigniter4/framework/system/CodeIgniter.php(326): CodeIgniter\CodeIgniter->handleRequest()
#7 /mnt/f/Web-development-and-aplication/phpbasedweb/UTS_P_Web_Yoh_Bagas_20200801179/public/index.php(37): CodeIgniter\CodeIgniter->run()
#8 /mnt/f/Web-development-and-aplication/phpbasedweb/UTS_P_Web_Yoh_Bagas_20200801179/vendor/codeigniter4/framework/system/Commands/Server/rewrite.php(43): require_once('/mnt/f/Web-deve...')
#9 {main}
CRITICAL - 2022-05-18 03:15:57 --> Call to undefined method CodeIgniter\Validation\Validation::listError()
#0 /mnt/f/Web-development-and-aplication/phpbasedweb/UTS_P_Web_Yoh_Bagas_20200801179/vendor/codeigniter4/framework/system/View/View.php(210): include()
#1 /mnt/f/Web-development-and-aplication/phpbasedweb/UTS_P_Web_Yoh_Bagas_20200801179/vendor/codeigniter4/framework/system/View/View.php(213): CodeIgniter\View\View->CodeIgniter\View\{closure}()
#2 /mnt/f/Web-development-and-aplication/phpbasedweb/UTS_P_Web_Yoh_Bagas_20200801179/vendor/codeigniter4/framework/system/Common.php(1089): CodeIgniter\View\View->render()
#3 /mnt/f/Web-development-and-aplication/phpbasedweb/UTS_P_Web_Yoh_Bagas_20200801179/app/Controllers/Beasiswa.php(49): view()
#4 /mnt/f/Web-development-and-aplication/phpbasedweb/UTS_P_Web_Yoh_Bagas_20200801179/vendor/codeigniter4/framework/system/CodeIgniter.php(832): App\Controllers\Beasiswa->create()
#5 /mnt/f/Web-development-and-aplication/phpbasedweb/UTS_P_Web_Yoh_Bagas_20200801179/vendor/codeigniter4/framework/system/CodeIgniter.php(419): CodeIgniter\CodeIgniter->runController()
#6 /mnt/f/Web-development-and-aplication/phpbasedweb/UTS_P_Web_Yoh_Bagas_20200801179/vendor/codeigniter4/framework/system/CodeIgniter.php(326): CodeIgniter\CodeIgniter->handleRequest()
#7 /mnt/f/Web-development-and-aplication/phpbasedweb/UTS_P_Web_Yoh_Bagas_20200801179/public/index.php(37): CodeIgniter\CodeIgniter->run()
#8 /mnt/f/Web-development-and-aplication/phpbasedweb/UTS_P_Web_Yoh_Bagas_20200801179/vendor/codeigniter4/framework/system/Commands/Server/rewrite.php(43): require_once('/mnt/f/Web-deve...')
#9 {main}
CRITICAL - 2022-05-18 03:27:44 --> required|is_unique is not a valid rule.
#0 /mnt/f/Web-development-and-aplication/phpbasedweb/UTS_P_Web_Yoh_Bagas_20200801179/vendor/codeigniter4/framework/system/Validation/Validation.php(300): CodeIgniter\Validation\Exceptions\ValidationException::forRuleNotFound()
#1 /mnt/f/Web-development-and-aplication/phpbasedweb/UTS_P_Web_Yoh_Bagas_20200801179/vendor/codeigniter4/framework/system/Validation/Validation.php(157): CodeIgniter\Validation\Validation->processRules()
#2 /mnt/f/Web-development-and-aplication/phpbasedweb/UTS_P_Web_Yoh_Bagas_20200801179/vendor/codeigniter4/framework/system/Controller.php(160): CodeIgniter\Validation\Validation->run()
#3 /mnt/f/Web-development-and-aplication/phpbasedweb/UTS_P_Web_Yoh_Bagas_20200801179/app/Controllers/Beasiswa.php(56): CodeIgniter\Controller->validate()
#4 /mnt/f/Web-development-and-aplication/phpbasedweb/UTS_P_Web_Yoh_Bagas_20200801179/vendor/codeigniter4/framework/system/CodeIgniter.php(832): App\Controllers\Beasiswa->save()
#5 /mnt/f/Web-development-and-aplication/phpbasedweb/UTS_P_Web_Yoh_Bagas_20200801179/vendor/codeigniter4/framework/system/CodeIgniter.php(419): CodeIgniter\CodeIgniter->runController()
#6 /mnt/f/Web-development-and-aplication/phpbasedweb/UTS_P_Web_Yoh_Bagas_20200801179/vendor/codeigniter4/framework/system/CodeIgniter.php(326): CodeIgniter\CodeIgniter->handleRequest()
#7 /mnt/f/Web-development-and-aplication/phpbasedweb/UTS_P_Web_Yoh_Bagas_20200801179/public/index.php(37): CodeIgniter\CodeIgniter->run()
#8 /mnt/f/Web-development-and-aplication/phpbasedweb/UTS_P_Web_Yoh_Bagas_20200801179/vendor/codeigniter4/framework/system/Commands/Server/rewrite.php(43): require_once('/mnt/f/Web-deve...')
#9 {main}
CRITICAL - 2022-05-18 03:28:10 --> required|is_unique is not a valid rule.
#0 /mnt/f/Web-development-and-aplication/phpbasedweb/UTS_P_Web_Yoh_Bagas_20200801179/vendor/codeigniter4/framework/system/Validation/Validation.php(300): CodeIgniter\Validation\Exceptions\ValidationException::forRuleNotFound()
#1 /mnt/f/Web-development-and-aplication/phpbasedweb/UTS_P_Web_Yoh_Bagas_20200801179/vendor/codeigniter4/framework/system/Validation/Validation.php(157): CodeIgniter\Validation\Validation->processRules()
#2 /mnt/f/Web-development-and-aplication/phpbasedweb/UTS_P_Web_Yoh_Bagas_20200801179/vendor/codeigniter4/framework/system/Controller.php(160): CodeIgniter\Validation\Validation->run()
#3 /mnt/f/Web-development-and-aplication/phpbasedweb/UTS_P_Web_Yoh_Bagas_20200801179/app/Controllers/Beasiswa.php(56): CodeIgniter\Controller->validate()
#4 /mnt/f/Web-development-and-aplication/phpbasedweb/UTS_P_Web_Yoh_Bagas_20200801179/vendor/codeigniter4/framework/system/CodeIgniter.php(832): App\Controllers\Beasiswa->save()
#5 /mnt/f/Web-development-and-aplication/phpbasedweb/UTS_P_Web_Yoh_Bagas_20200801179/vendor/codeigniter4/framework/system/CodeIgniter.php(419): CodeIgniter\CodeIgniter->runController()
#6 /mnt/f/Web-development-and-aplication/phpbasedweb/UTS_P_Web_Yoh_Bagas_20200801179/vendor/codeigniter4/framework/system/CodeIgniter.php(326): CodeIgniter\CodeIgniter->handleRequest()
#7 /mnt/f/Web-development-and-aplication/phpbasedweb/UTS_P_Web_Yoh_Bagas_20200801179/public/index.php(37): CodeIgniter\CodeIgniter->run()
#8 /mnt/f/Web-development-and-aplication/phpbasedweb/UTS_P_Web_Yoh_Bagas_20200801179/vendor/codeigniter4/framework/system/Commands/Server/rewrite.php(43): require_once('/mnt/f/Web-deve...')
#9 {main}
CRITICAL - 2022-05-18 03:28:13 --> required|is_unique is not a valid rule.
#0 /mnt/f/Web-development-and-aplication/phpbasedweb/UTS_P_Web_Yoh_Bagas_20200801179/vendor/codeigniter4/framework/system/Validation/Validation.php(300): CodeIgniter\Validation\Exceptions\ValidationException::forRuleNotFound()
#1 /mnt/f/Web-development-and-aplication/phpbasedweb/UTS_P_Web_Yoh_Bagas_20200801179/vendor/codeigniter4/framework/system/Validation/Validation.php(157): CodeIgniter\Validation\Validation->processRules()
#2 /mnt/f/Web-development-and-aplication/phpbasedweb/UTS_P_Web_Yoh_Bagas_20200801179/vendor/codeigniter4/framework/system/Controller.php(160): CodeIgniter\Validation\Validation->run()
#3 /mnt/f/Web-development-and-aplication/phpbasedweb/UTS_P_Web_Yoh_Bagas_20200801179/app/Controllers/Beasiswa.php(56): CodeIgniter\Controller->validate()
#4 /mnt/f/Web-development-and-aplication/phpbasedweb/UTS_P_Web_Yoh_Bagas_20200801179/vendor/codeigniter4/framework/system/CodeIgniter.php(832): App\Controllers\Beasiswa->save()
#5 /mnt/f/Web-development-and-aplication/phpbasedweb/UTS_P_Web_Yoh_Bagas_20200801179/vendor/codeigniter4/framework/system/CodeIgniter.php(419): CodeIgniter\CodeIgniter->runController()
#6 /mnt/f/Web-development-and-aplication/phpbasedweb/UTS_P_Web_Yoh_Bagas_20200801179/vendor/codeigniter4/framework/system/CodeIgniter.php(326): CodeIgniter\CodeIgniter->handleRequest()
#7 /mnt/f/Web-development-and-aplication/phpbasedweb/UTS_P_Web_Yoh_Bagas_20200801179/public/index.php(37): CodeIgniter\CodeIgniter->run()
#8 /mnt/f/Web-development-and-aplication/phpbasedweb/UTS_P_Web_Yoh_Bagas_20200801179/vendor/codeigniter4/framework/system/Commands/Server/rewrite.php(43): require_once('/mnt/f/Web-deve...')
#9 {main}
CRITICAL - 2022-05-18 03:28:42 --> required|is_unique is not a valid rule.
#0 /mnt/f/Web-development-and-aplication/phpbasedweb/UTS_P_Web_Yoh_Bagas_20200801179/vendor/codeigniter4/framework/system/Validation/Validation.php(300): CodeIgniter\Validation\Exceptions\ValidationException::forRuleNotFound()
#1 /mnt/f/Web-development-and-aplication/phpbasedweb/UTS_P_Web_Yoh_Bagas_20200801179/vendor/codeigniter4/framework/system/Validation/Validation.php(157): CodeIgniter\Validation\Validation->processRules()
#2 /mnt/f/Web-development-and-aplication/phpbasedweb/UTS_P_Web_Yoh_Bagas_20200801179/vendor/codeigniter4/framework/system/Controller.php(160): CodeIgniter\Validation\Validation->run()
#3 /mnt/f/Web-development-and-aplication/phpbasedweb/UTS_P_Web_Yoh_Bagas_20200801179/app/Controllers/Beasiswa.php(56): CodeIgniter\Controller->validate()
#4 /mnt/f/Web-development-and-aplication/phpbasedweb/UTS_P_Web_Yoh_Bagas_20200801179/vendor/codeigniter4/framework/system/CodeIgniter.php(832): App\Controllers\Beasiswa->save()
#5 /mnt/f/Web-development-and-aplication/phpbasedweb/UTS_P_Web_Yoh_Bagas_20200801179/vendor/codeigniter4/framework/system/CodeIgniter.php(419): CodeIgniter\CodeIgniter->runController()
#6 /mnt/f/Web-development-and-aplication/phpbasedweb/UTS_P_Web_Yoh_Bagas_20200801179/vendor/codeigniter4/framework/system/CodeIgniter.php(326): CodeIgniter\CodeIgniter->handleRequest()
#7 /mnt/f/Web-development-and-aplication/phpbasedweb/UTS_P_Web_Yoh_Bagas_20200801179/public/index.php(37): CodeIgniter\CodeIgniter->run()
#8 /mnt/f/Web-development-and-aplication/phpbasedweb/UTS_P_Web_Yoh_Bagas_20200801179/vendor/codeigniter4/framework/system/Commands/Server/rewrite.php(43): require_once('/mnt/f/Web-deve...')
#9 {main}
CRITICAL - 2022-05-18 03:32:05 --> required|is_unique is not a valid rule.
#0 /mnt/f/Web-development-and-aplication/phpbasedweb/UTS_P_Web_Yoh_Bagas_20200801179/vendor/codeigniter4/framework/system/Validation/Validation.php(300): CodeIgniter\Validation\Exceptions\ValidationException::forRuleNotFound()
#1 /mnt/f/Web-development-and-aplication/phpbasedweb/UTS_P_Web_Yoh_Bagas_20200801179/vendor/codeigniter4/framework/system/Validation/Validation.php(157): CodeIgniter\Validation\Validation->processRules()
#2 /mnt/f/Web-development-and-aplication/phpbasedweb/UTS_P_Web_Yoh_Bagas_20200801179/vendor/codeigniter4/framework/system/Controller.php(160): CodeIgniter\Validation\Validation->run()
#3 /mnt/f/Web-development-and-aplication/phpbasedweb/UTS_P_Web_Yoh_Bagas_20200801179/app/Controllers/Beasiswa.php(56): CodeIgniter\Controller->validate()
#4 /mnt/f/Web-development-and-aplication/phpbasedweb/UTS_P_Web_Yoh_Bagas_20200801179/vendor/codeigniter4/framework/system/CodeIgniter.php(832): App\Controllers\Beasiswa->save()
#5 /mnt/f/Web-development-and-aplication/phpbasedweb/UTS_P_Web_Yoh_Bagas_20200801179/vendor/codeigniter4/framework/system/CodeIgniter.php(419): CodeIgniter\CodeIgniter->runController()
#6 /mnt/f/Web-development-and-aplication/phpbasedweb/UTS_P_Web_Yoh_Bagas_20200801179/vendor/codeigniter4/framework/system/CodeIgniter.php(326): CodeIgniter\CodeIgniter->handleRequest()
#7 /mnt/f/Web-development-and-aplication/phpbasedweb/UTS_P_Web_Yoh_Bagas_20200801179/public/index.php(37): CodeIgniter\CodeIgniter->run()
#8 /mnt/f/Web-development-and-aplication/phpbasedweb/UTS_P_Web_Yoh_Bagas_20200801179/vendor/codeigniter4/framework/system/Commands/Server/rewrite.php(43): require_once('/mnt/f/Web-deve...')
#9 {main}
CRITICAL - 2022-05-18 03:37:02 --> required|is_unique is not a valid rule.
#0 /mnt/f/Web-development-and-aplication/phpbasedweb/UTS_P_Web_Yoh_Bagas_20200801179/vendor/codeigniter4/framework/system/Validation/Validation.php(300): CodeIgniter\Validation\Exceptions\ValidationException::forRuleNotFound()
#1 /mnt/f/Web-development-and-aplication/phpbasedweb/UTS_P_Web_Yoh_Bagas_20200801179/vendor/codeigniter4/framework/system/Validation/Validation.php(157): CodeIgniter\Validation\Validation->processRules()
#2 /mnt/f/Web-development-and-aplication/phpbasedweb/UTS_P_Web_Yoh_Bagas_20200801179/vendor/codeigniter4/framework/system/Controller.php(160): CodeIgniter\Validation\Validation->run()
#3 /mnt/f/Web-development-and-aplication/phpbasedweb/UTS_P_Web_Yoh_Bagas_20200801179/app/Controllers/Beasiswa.php(56): CodeIgniter\Controller->validate()
#4 /mnt/f/Web-development-and-aplication/phpbasedweb/UTS_P_Web_Yoh_Bagas_20200801179/vendor/codeigniter4/framework/system/CodeIgniter.php(832): App\Controllers\Beasiswa->save()
#5 /mnt/f/Web-development-and-aplication/phpbasedweb/UTS_P_Web_Yoh_Bagas_20200801179/vendor/codeigniter4/framework/system/CodeIgniter.php(419): CodeIgniter\CodeIgniter->runController()
#6 /mnt/f/Web-development-and-aplication/phpbasedweb/UTS_P_Web_Yoh_Bagas_20200801179/vendor/codeigniter4/framework/system/CodeIgniter.php(326): CodeIgniter\CodeIgniter->handleRequest()
#7 /mnt/f/Web-development-and-aplication/phpbasedweb/UTS_P_Web_Yoh_Bagas_20200801179/public/index.php(37): CodeIgniter\CodeIgniter->run()
#8 /mnt/f/Web-development-and-aplication/phpbasedweb/UTS_P_Web_Yoh_Bagas_20200801179/vendor/codeigniter4/framework/system/Commands/Server/rewrite.php(43): require_once('/mnt/f/Web-deve...')
#9 {main}
CRITICAL - 2022-05-18 03:37:23 --> required|is_unique is not a valid rule.
#0 /mnt/f/Web-development-and-aplication/phpbasedweb/UTS_P_Web_Yoh_Bagas_20200801179/vendor/codeigniter4/framework/system/Validation/Validation.php(300): CodeIgniter\Validation\Exceptions\ValidationException::forRuleNotFound()
#1 /mnt/f/Web-development-and-aplication/phpbasedweb/UTS_P_Web_Yoh_Bagas_20200801179/vendor/codeigniter4/framework/system/Validation/Validation.php(157): CodeIgniter\Validation\Validation->processRules()
#2 /mnt/f/Web-development-and-aplication/phpbasedweb/UTS_P_Web_Yoh_Bagas_20200801179/vendor/codeigniter4/framework/system/Controller.php(160): CodeIgniter\Validation\Validation->run()
#3 /mnt/f/Web-development-and-aplication/phpbasedweb/UTS_P_Web_Yoh_Bagas_20200801179/app/Controllers/Beasiswa.php(56): CodeIgniter\Controller->validate()
#4 /mnt/f/Web-development-and-aplication/phpbasedweb/UTS_P_Web_Yoh_Bagas_20200801179/vendor/codeigniter4/framework/system/CodeIgniter.php(832): App\Controllers\Beasiswa->save()
#5 /mnt/f/Web-development-and-aplication/phpbasedweb/UTS_P_Web_Yoh_Bagas_20200801179/vendor/codeigniter4/framework/system/CodeIgniter.php(419): CodeIgniter\CodeIgniter->runController()
#6 /mnt/f/Web-development-and-aplication/phpbasedweb/UTS_P_Web_Yoh_Bagas_20200801179/vendor/codeigniter4/framework/system/CodeIgniter.php(326): CodeIgniter\CodeIgniter->handleRequest()
#7 /mnt/f/Web-development-and-aplication/phpbasedweb/UTS_P_Web_Yoh_Bagas_20200801179/public/index.php(37): CodeIgniter\CodeIgniter->run()
#8 /mnt/f/Web-development-and-aplication/phpbasedweb/UTS_P_Web_Yoh_Bagas_20200801179/vendor/codeigniter4/framework/system/Commands/Server/rewrite.php(43): require_once('/mnt/f/Web-deve...')
#9 {main}
ERROR - 2022-05-18 03:44:50 --> Unknown column 'jenis' in 'where clause'
CRITICAL - 2022-05-18 03:44:50 --> Unknown column 'jenis' in 'where clause'
#0 /mnt/f/Web-development-and-aplication/phpbasedweb/UTS_P_Web_Yoh_Bagas_20200801179/vendor/codeigniter4/framework/system/Database/MySQLi/Connection.php(292): mysqli->query()
#1 /mnt/f/Web-development-and-aplication/phpbasedweb/UTS_P_Web_Yoh_Bagas_20200801179/vendor/codeigniter4/framework/system/Database/BaseConnection.php(670): CodeIgniter\Database\MySQLi\Connection->execute()
#2 /mnt/f/Web-development-and-aplication/phpbasedweb/UTS_P_Web_Yoh_Bagas_20200801179/vendor/codeigniter4/framework/system/Database/BaseConnection.php(598): CodeIgniter\Database\BaseConnection->simpleQuery()
#3 /mnt/f/Web-development-and-aplication/phpbasedweb/UTS_P_Web_Yoh_Bagas_20200801179/vendor/codeigniter4/framework/system/Database/BaseBuilder.php(1455): CodeIgniter\Database\BaseConnection->query()
#4 /mnt/f/Web-development-and-aplication/phpbasedweb/UTS_P_Web_Yoh_Bagas_20200801179/vendor/codeigniter4/framework/system/Validation/Rules.php(142): CodeIgniter\Database\BaseBuilder->get()
#5 /mnt/f/Web-development-and-aplication/phpbasedweb/UTS_P_Web_Yoh_Bagas_20200801179/vendor/codeigniter4/framework/system/Validation/Validation.php(292): CodeIgniter\Validation\Rules->is_unique()
#6 /mnt/f/Web-development-and-aplication/phpbasedweb/UTS_P_Web_Yoh_Bagas_20200801179/vendor/codeigniter4/framework/system/Validation/Validation.php(157): CodeIgniter\Validation\Validation->processRules()
#7 /mnt/f/Web-development-and-aplication/phpbasedweb/UTS_P_Web_Yoh_Bagas_20200801179/vendor/codeigniter4/framework/system/Controller.php(160): CodeIgniter\Validation\Validation->run()
#8 /mnt/f/Web-development-and-aplication/phpbasedweb/UTS_P_Web_Yoh_Bagas_20200801179/app/Controllers/Beasiswa.php(56): CodeIgniter\Controller->validate()
#9 /mnt/f/Web-development-and-aplication/phpbasedweb/UTS_P_Web_Yoh_Bagas_20200801179/vendor/codeigniter4/framework/system/CodeIgniter.php(832): App\Controllers\Beasiswa->save()
#10 /mnt/f/Web-development-and-aplication/phpbasedweb/UTS_P_Web_Yoh_Bagas_20200801179/vendor/codeigniter4/framework/system/CodeIgniter.php(419): CodeIgniter\CodeIgniter->runController()
#11 /mnt/f/Web-development-and-aplication/phpbasedweb/UTS_P_Web_Yoh_Bagas_20200801179/vendor/codeigniter4/framework/system/CodeIgniter.php(326): CodeIgniter\CodeIgniter->handleRequest()
#12 /mnt/f/Web-development-and-aplication/phpbasedweb/UTS_P_Web_Yoh_Bagas_20200801179/public/index.php(37): CodeIgniter\CodeIgniter->run()
#13 /mnt/f/Web-development-and-aplication/phpbasedweb/UTS_P_Web_Yoh_Bagas_20200801179/vendor/codeigniter4/framework/system/Commands/Server/rewrite.php(43): require_once('/mnt/f/Web-deve...')
#14 {main}
CRITICAL - 2022-05-18 05:01:21 --> Undefined variable: beasiswa
#0 /mnt/f/Web-development-and-aplication/phpbasedweb/UTS_P_Web_Yoh_Bagas_20200801179/app/Views/beasiswa/edit.php(18): CodeIgniter\Debug\Exceptions->errorHandler()
#1 /mnt/f/Web-development-and-aplication/phpbasedweb/UTS_P_Web_Yoh_Bagas_20200801179/vendor/codeigniter4/framework/system/View/View.php(210): include('/mnt/f/Web-deve...')
#2 /mnt/f/Web-development-and-aplication/phpbasedweb/UTS_P_Web_Yoh_Bagas_20200801179/vendor/codeigniter4/framework/system/View/View.php(213): CodeIgniter\View\View->CodeIgniter\View\{closure}()
#3 /mnt/f/Web-development-and-aplication/phpbasedweb/UTS_P_Web_Yoh_Bagas_20200801179/vendor/codeigniter4/framework/system/Common.php(1089): CodeIgniter\View\View->render()
#4 /mnt/f/Web-development-and-aplication/phpbasedweb/UTS_P_Web_Yoh_Bagas_20200801179/app/Controllers/Beasiswa.php(89): view()
#5 /mnt/f/Web-development-and-aplication/phpbasedweb/UTS_P_Web_Yoh_Bagas_20200801179/vendor/codeigniter4/framework/system/CodeIgniter.php(832): App\Controllers\Beasiswa->edit()
#6 /mnt/f/Web-development-and-aplication/phpbasedweb/UTS_P_Web_Yoh_Bagas_20200801179/vendor/codeigniter4/framework/system/CodeIgniter.php(419): CodeIgniter\CodeIgniter->runController()
#7 /mnt/f/Web-development-and-aplication/phpbasedweb/UTS_P_Web_Yoh_Bagas_20200801179/vendor/codeigniter4/framework/system/CodeIgniter.php(326): CodeIgniter\CodeIgniter->handleRequest()
#8 /mnt/f/Web-development-and-aplication/phpbasedweb/UTS_P_Web_Yoh_Bagas_20200801179/public/index.php(37): CodeIgniter\CodeIgniter->run()
#9 /mnt/f/Web-development-and-aplication/phpbasedweb/UTS_P_Web_Yoh_Bagas_20200801179/vendor/codeigniter4/framework/system/Commands/Server/rewrite.php(43): require_once('/mnt/f/Web-deve...')
#10 {main}
CRITICAL - 2022-05-18 05:04:30 --> Undefined variable: beasiswa
#0 /mnt/f/Web-development-and-aplication/phpbasedweb/UTS_P_Web_Yoh_Bagas_20200801179/app/Views/beasiswa/edit.php(18): CodeIgniter\Debug\Exceptions->errorHandler()
#1 /mnt/f/Web-development-and-aplication/phpbasedweb/UTS_P_Web_Yoh_Bagas_20200801179/vendor/codeigniter4/framework/system/View/View.php(210): include('/mnt/f/Web-deve...')
#2 /mnt/f/Web-development-and-aplication/phpbasedweb/UTS_P_Web_Yoh_Bagas_20200801179/vendor/codeigniter4/framework/system/View/View.php(213): CodeIgniter\View\View->CodeIgniter\View\{closure}()
#3 /mnt/f/Web-development-and-aplication/phpbasedweb/UTS_P_Web_Yoh_Bagas_20200801179/vendor/codeigniter4/framework/system/Common.php(1089): CodeIgniter\View\View->render()
#4 /mnt/f/Web-development-and-aplication/phpbasedweb/UTS_P_Web_Yoh_Bagas_20200801179/app/Controllers/Beasiswa.php(89): view()
#5 /mnt/f/Web-development-and-aplication/phpbasedweb/UTS_P_Web_Yoh_Bagas_20200801179/vendor/codeigniter4/framework/system/CodeIgniter.php(832): App\Controllers\Beasiswa->edit()
#6 /mnt/f/Web-development-and-aplication/phpbasedweb/UTS_P_Web_Yoh_Bagas_20200801179/vendor/codeigniter4/framework/system/CodeIgniter.php(419): CodeIgniter\CodeIgniter->runController()
#7 /mnt/f/Web-development-and-aplication/phpbasedweb/UTS_P_Web_Yoh_Bagas_20200801179/vendor/codeigniter4/framework/system/CodeIgniter.php(326): CodeIgniter\CodeIgniter->handleRequest()
#8 /mnt/f/Web-development-and-aplication/phpbasedweb/UTS_P_Web_Yoh_Bagas_20200801179/public/index.php(37): CodeIgniter\CodeIgniter->run()
#9 /mnt/f/Web-development-and-aplication/phpbasedweb/UTS_P_Web_Yoh_Bagas_20200801179/vendor/codeigniter4/framework/system/Commands/Server/rewrite.php(43): require_once('/mnt/f/Web-deve...')
#10 {main}
CRITICAL - 2022-05-18 05:06:17 --> Undefined index: jenis
#0 /mnt/f/Web-development-and-aplication/phpbasedweb/UTS_P_Web_Yoh_Bagas_20200801179/app/Views/beasiswa/edit.php(22): CodeIgniter\Debug\Exceptions->errorHandler()
#1 /mnt/f/Web-development-and-aplication/phpbasedweb/UTS_P_Web_Yoh_Bagas_20200801179/vendor/codeigniter4/framework/system/View/View.php(210): include('/mnt/f/Web-deve...')
#2 /mnt/f/Web-development-and-aplication/phpbasedweb/UTS_P_Web_Yoh_Bagas_20200801179/vendor/codeigniter4/framework/system/View/View.php(213): CodeIgniter\View\View->CodeIgniter\View\{closure}()
#3 /mnt/f/Web-development-and-aplication/phpbasedweb/UTS_P_Web_Yoh_Bagas_20200801179/vendor/codeigniter4/framework/system/Common.php(1089): CodeIgniter\View\View->render()
#4 /mnt/f/Web-development-and-aplication/phpbasedweb/UTS_P_Web_Yoh_Bagas_20200801179/app/Controllers/Beasiswa.php(89): view()
#5 /mnt/f/Web-development-and-aplication/phpbasedweb/UTS_P_Web_Yoh_Bagas_20200801179/vendor/codeigniter4/framework/system/CodeIgniter.php(832): App\Controllers\Beasiswa->edit()
#6 /mnt/f/Web-development-and-aplication/phpbasedweb/UTS_P_Web_Yoh_Bagas_20200801179/vendor/codeigniter4/framework/system/CodeIgniter.php(419): CodeIgniter\CodeIgniter->runController()
#7 /mnt/f/Web-development-and-aplication/phpbasedweb/UTS_P_Web_Yoh_Bagas_20200801179/vendor/codeigniter4/framework/system/CodeIgniter.php(326): CodeIgniter\CodeIgniter->handleRequest()
#8 /mnt/f/Web-development-and-aplication/phpbasedweb/UTS_P_Web_Yoh_Bagas_20200801179/public/index.php(37): CodeIgniter\CodeIgniter->run()
#9 /mnt/f/Web-development-and-aplication/phpbasedweb/UTS_P_Web_Yoh_Bagas_20200801179/vendor/codeigniter4/framework/system/Commands/Server/rewrite.php(43): require_once('/mnt/f/Web-deve...')
#10 {main}
CRITICAL - 2022-05-18 05:31:37 --> Undefined index: jenis
#0 /mnt/f/Web-development-and-aplication/phpbasedweb/UTS_P_Web_Yoh_Bagas_20200801179/app/Controllers/Beasiswa.php(93): CodeIgniter\Debug\Exceptions->errorHandler()
#1 /mnt/f/Web-development-and-aplication/phpbasedweb/UTS_P_Web_Yoh_Bagas_20200801179/vendor/codeigniter4/framework/system/CodeIgniter.php(832): App\Controllers\Beasiswa->update()
#2 /mnt/f/Web-development-and-aplication/phpbasedweb/UTS_P_Web_Yoh_Bagas_20200801179/vendor/codeigniter4/framework/system/CodeIgniter.php(419): CodeIgniter\CodeIgniter->runController()
#3 /mnt/f/Web-development-and-aplication/phpbasedweb/UTS_P_Web_Yoh_Bagas_20200801179/vendor/codeigniter4/framework/system/CodeIgniter.php(326): CodeIgniter\CodeIgniter->handleRequest()
#4 /mnt/f/Web-development-and-aplication/phpbasedweb/UTS_P_Web_Yoh_Bagas_20200801179/public/index.php(37): CodeIgniter\CodeIgniter->run()
#5 /mnt/f/Web-development-and-aplication/phpbasedweb/UTS_P_Web_Yoh_Bagas_20200801179/vendor/codeigniter4/framework/system/Commands/Server/rewrite.php(43): require_once('/mnt/f/Web-deve...')
#6 {main}
